2019-12-16 00:27:09,759 INFO o.a.j.u.JMeterUtils: Setting Locale to en_EN
2019-12-16 00:27:09,778 INFO o.a.j.JMeter: Loading user properties from: /usr/local/Cellar/jmeter/5.2.1/libexec/bin/user.properties
2019-12-16 00:27:09,779 INFO o.a.j.JMeter: Loading system properties from: /usr/local/Cellar/jmeter/5.2.1/libexec/bin/system.properties
2019-12-16 00:27:09,780 INFO o.a.j.JMeter: Copyright (c) 1998-2019 The Apache Software Foundation
2019-12-16 00:27:09,780 INFO o.a.j.JMeter: Version 5.2.1
2019-12-16 00:27:09,780 INFO o.a.j.JMeter: java.version=1.8.0_212
2019-12-16 00:27:09,780 INFO o.a.j.JMeter: java.vm.name=OpenJDK 64-Bit Server VM
2019-12-16 00:27:09,780 INFO o.a.j.JMeter: os.name=Mac OS X
2019-12-16 00:27:09,780 INFO o.a.j.JMeter: os.arch=x86_64
2019-12-16 00:27:09,780 INFO o.a.j.JMeter: os.version=10.14.6
2019-12-16 00:27:09,780 INFO o.a.j.JMeter: file.encoding=UTF-8
2019-12-16 00:27:09,780 INFO o.a.j.JMeter: java.awt.headless=true
2019-12-16 00:27:09,781 INFO o.a.j.JMeter: Max memory     =1073741824
2019-12-16 00:27:09,781 INFO o.a.j.JMeter: Available Processors =8
2019-12-16 00:27:09,784 INFO o.a.j.JMeter: Default Locale=English (EN)
2019-12-16 00:27:09,784 INFO o.a.j.JMeter: JMeter  Locale=English (EN)
2019-12-16 00:27:09,784 INFO o.a.j.JMeter: JMeterHome=/usr/local/Cellar/jmeter/5.2.1/libexec
2019-12-16 00:27:09,784 INFO o.a.j.JMeter: user.dir  =/Users/vergir/Downloads/ifmo/isu/jmeter
2019-12-16 00:27:09,784 INFO o.a.j.JMeter: PWD       =/Users/vergir/Downloads/ifmo/isu/jmeter
2019-12-16 00:27:09,792 INFO o.a.j.JMeter: IP: 192.168.43.25 Name: daniil FullName: daniil
2019-12-16 00:27:09,794 INFO o.a.j.JMeter: Setting property 'jmeter.reportgenerator.outputdir' to:'/Users/vergir/Downloads/ifmo/isu/jmeter/testresult'
2019-12-16 00:27:09,796 INFO o.a.j.s.FileServer: Default base='/Users/vergir/Downloads/ifmo/isu/jmeter'
2019-12-16 00:27:09,800 INFO o.a.j.s.FileServer: Set new base='/Users/vergir/Downloads/ifmo/isu/jmeter/.'
2019-12-16 00:27:09,907 INFO o.a.j.s.SaveService: Testplan (JMX) version: 2.2. Testlog (JTL) version: 2.2
2019-12-16 00:27:09,919 INFO o.a.j.s.SaveService: Using SaveService properties file encoding UTF-8
2019-12-16 00:27:09,923 INFO o.a.j.s.SaveService: Using SaveService properties version 5.0
2019-12-16 00:27:09,930 INFO o.a.j.s.SaveService: Loading file: ./testplan.jmx
2019-12-16 00:27:09,972 INFO o.a.j.p.h.s.HTTPSamplerBase: Parser for text/html is org.apache.jmeter.protocol.http.parser.LagartoBasedHtmlParser
2019-12-16 00:27:09,972 INFO o.a.j.p.h.s.HTTPSamplerBase: Parser for application/xhtml+xml is org.apache.jmeter.protocol.http.parser.LagartoBasedHtmlParser
2019-12-16 00:27:09,972 INFO o.a.j.p.h.s.HTTPSamplerBase: Parser for application/xml is org.apache.jmeter.protocol.http.parser.LagartoBasedHtmlParser
2019-12-16 00:27:09,972 INFO o.a.j.p.h.s.HTTPSamplerBase: Parser for text/xml is org.apache.jmeter.protocol.http.parser.LagartoBasedHtmlParser
2019-12-16 00:27:09,972 INFO o.a.j.p.h.s.HTTPSamplerBase: Parser for text/vnd.wap.wml is org.apache.jmeter.protocol.http.parser.RegexpHTMLParser
2019-12-16 00:27:09,972 INFO o.a.j.p.h.s.HTTPSamplerBase: Parser for text/css is org.apache.jmeter.protocol.http.parser.CssParser
2019-12-16 00:27:10,206 INFO o.a.j.e.KeyToolUtils: keytool found at 'keytool'
2019-12-16 00:27:10,206 INFO o.a.j.p.h.p.ProxyControl: HTTP(S) Test Script Recorder SSL Proxy will use keys that support embedded 3rd party resources in file /usr/local/Cellar/jmeter/5.2.1/libexec/bin/proxyserver.jks
2019-12-16 00:27:10,232 INFO o.a.j.JMeter: Creating summariser <summary>
2019-12-16 00:27:10,237 INFO o.a.j.r.d.ReportGenerator: ReportGenerator will use for Parsing the separator: ','
2019-12-16 00:27:10,237 INFO o.a.j.r.d.ReportGenerator: Will generate report at end of test from  results file: testres.jtl
2019-12-16 00:27:10,237 INFO o.a.j.r.d.ReportGenerator: Reading report generator properties from: /usr/local/Cellar/jmeter/5.2.1/libexec/bin/reportgenerator.properties
2019-12-16 00:27:10,237 INFO o.a.j.r.d.ReportGenerator: Merging with JMeter properties
2019-12-16 00:27:10,241 INFO o.a.j.r.c.ReportGeneratorConfiguration: Property 'jmeter.reportgenerator.temp_dir' not found, using default value 'temp' instead.
2019-12-16 00:27:10,244 INFO o.a.j.r.c.ReportGeneratorConfiguration: Property 'jmeter.reportgenerator.apdex_per_transaction' not found, using default value 'null' instead.
2019-12-16 00:27:10,244 INFO o.a.j.r.c.ReportGeneratorConfiguration: apdex_per_transaction is empty, not APDEX per transaction customization
2019-12-16 00:27:10,244 INFO o.a.j.r.c.ReportGeneratorConfiguration: Property 'jmeter.reportgenerator.sample_filter' not found, using default value 'null' instead.
2019-12-16 00:27:10,244 INFO o.a.j.r.c.ReportGeneratorConfiguration: Property 'jmeter.reportgenerator.report_title' not found, using default value 'null' instead.
2019-12-16 00:27:10,244 INFO o.a.j.r.c.ReportGeneratorConfiguration: Property 'jmeter.reportgenerator.start_date' not found, using default value 'null' instead.
2019-12-16 00:27:10,244 INFO o.a.j.r.c.ReportGeneratorConfiguration: Property 'jmeter.reportgenerator.end_date' not found, using default value 'null' instead.
2019-12-16 00:27:10,244 INFO o.a.j.r.c.ReportGeneratorConfiguration: Property 'jmeter.reportgenerator.date_format' not found, using default value 'null' instead.
2019-12-16 00:27:10,245 INFO o.a.j.r.c.ReportGeneratorConfiguration: Will use date range start date: null, end date: null
2019-12-16 00:27:10,248 INFO o.a.j.r.c.ReportGeneratorConfiguration: Property 'jmeter.reportgenerator.graph.totalTPS.exclude_controllers' not found, using default value 'false' instead.
2019-12-16 00:27:10,248 INFO o.a.j.r.c.ReportGeneratorConfiguration: Property 'jmeter.reportgenerator.graph.activeThreadsOverTime.exclude_controllers' not found, using default value 'false' instead.
2019-12-16 00:27:10,249 INFO o.a.j.r.c.ReportGeneratorConfiguration: Property 'jmeter.reportgenerator.graph.timeVsThreads.exclude_controllers' not found, using default value 'false' instead.
2019-12-16 00:27:10,249 INFO o.a.j.r.c.ReportGeneratorConfiguration: Property 'jmeter.reportgenerator.graph.responseTimeDistribution.exclude_controllers' not found, using default value 'false' instead.
2019-12-16 00:27:10,249 INFO o.a.j.r.c.ReportGeneratorConfiguration: Property 'jmeter.reportgenerator.graph.transactionsPerSecond.exclude_controllers' not found, using default value 'false' instead.
2019-12-16 00:27:10,249 INFO o.a.j.r.c.ReportGeneratorConfiguration: Property 'jmeter.reportgenerator.graph.responseTimePercentiles.exclude_controllers' not found, using default value 'false' instead.
2019-12-16 00:27:10,249 INFO o.a.j.r.c.ReportGeneratorConfiguration: Property 'jmeter.reportgenerator.graph.responseTimePercentilesOverTime.exclude_controllers' not found, using default value 'false' instead.
2019-12-16 00:27:10,249 INFO o.a.j.r.c.ReportGeneratorConfiguration: Property 'jmeter.reportgenerator.graph.responseTimesOverTime.exclude_controllers' not found, using default value 'false' instead.
2019-12-16 00:27:10,249 INFO o.a.j.r.c.ReportGeneratorConfiguration: Property 'jmeter.reportgenerator.graph.connectTimeOverTime.exclude_controllers' not found, using default value 'false' instead.
2019-12-16 00:27:10,249 INFO o.a.j.r.c.ReportGeneratorConfiguration: Property 'jmeter.reportgenerator.graph.latenciesOverTime.exclude_controllers' not found, using default value 'false' instead.
2019-12-16 00:27:10,250 INFO o.a.j.r.c.ReportGeneratorConfiguration: Property 'jmeter.reportgenerator.exporter.json.filters_only_sample_series' not found, using default value 'true' instead.
2019-12-16 00:27:10,250 INFO o.a.j.r.c.ReportGeneratorConfiguration: Property 'jmeter.reportgenerator.exporter.json.series_filter' not found, using default value '' instead.
2019-12-16 00:27:10,250 INFO o.a.j.r.c.ReportGeneratorConfiguration: Property 'jmeter.reportgenerator.exporter.json.show_controllers_only' not found, using default value 'false' instead.
2019-12-16 00:27:10,251 INFO o.a.j.r.c.ReportGeneratorConfiguration: Property 'jmeter.reportgenerator.exporter.html.filters_only_sample_series' not found, using default value 'true' instead.
2019-12-16 00:27:10,251 INFO o.a.j.r.c.ReportGeneratorConfiguration: Property 'jmeter.reportgenerator.exporter.html.series_filter' not found, using default value '' instead.
2019-12-16 00:27:10,251 INFO o.a.j.r.c.ReportGeneratorConfiguration: Property 'jmeter.reportgenerator.exporter.html.show_controllers_only' not found, using default value 'false' instead.
2019-12-16 00:27:10,255 INFO o.a.j.e.StandardJMeterEngine: Running the test!
2019-12-16 00:27:10,255 INFO o.a.j.s.SampleEvent: List of sample_variables: []
2019-12-16 00:27:10,255 INFO o.a.j.s.SampleEvent: List of sample_variables: []
2019-12-16 00:27:10,259 INFO o.a.j.e.u.CompoundVariable: Note: Function class names must contain the string: '.functions.'
2019-12-16 00:27:10,259 INFO o.a.j.e.u.CompoundVariable: Note: Function class names must not contain the string: '.gui.'
2019-12-16 00:27:10,531 INFO o.a.j.JMeter: Running test (1576445230531)
2019-12-16 00:27:10,562 INFO o.a.j.e.StandardJMeterEngine: Starting ThreadGroup: 1 : Thread Group
2019-12-16 00:27:10,562 INFO o.a.j.e.StandardJMeterEngine: Starting 100 threads for group Thread Group.
2019-12-16 00:27:10,562 INFO o.a.j.e.StandardJMeterEngine: Thread will continue on error
2019-12-16 00:27:10,562 INFO o.a.j.t.ThreadGroup: Starting thread group... number=1 threads=100 ramp-up=1 delayedStart=false
2019-12-16 00:27:10,569 INFO o.a.j.t.JMeterThread: Thread started: Thread Group 1-1
2019-12-16 00:27:10,575 INFO o.a.j.t.JMeterThread: Thread started: Thread Group 1-2
2019-12-16 00:27:10,584 INFO o.a.j.t.JMeterThread: Thread started: Thread Group 1-3
2019-12-16 00:27:10,595 INFO o.a.j.p.h.s.HTTPHCAbstractImpl: Local host = daniil
2019-12-16 00:27:10,598 INFO o.a.j.t.JMeterThread: Thread started: Thread Group 1-4
2019-12-16 00:27:10,604 INFO o.a.j.p.h.s.HTTPHC4Impl: HTTP request retry count = 0
2019-12-16 00:27:10,605 INFO o.a.j.t.JMeterThread: Thread started: Thread Group 1-5
2019-12-16 00:27:10,606 INFO o.a.j.s.SampleResult: Note: Sample TimeStamps are START times
2019-12-16 00:27:10,606 INFO o.a.j.s.SampleResult: sampleresult.default.encoding is set to ISO-8859-1
2019-12-16 00:27:10,606 INFO o.a.j.s.SampleResult: sampleresult.useNanoTime=true
2019-12-16 00:27:10,606 INFO o.a.j.s.SampleResult: sampleresult.nanoThreadSleep=5000
2019-12-16 00:27:10,618 INFO o.a.j.t.JMeterThread: Thread started: Thread Group 1-6
2019-12-16 00:27:10,624 INFO o.a.j.t.JMeterThread: Thread started: Thread Group 1-7
2019-12-16 00:27:10,632 INFO o.a.j.t.ThreadGroup: Started thread group number 1
2019-12-16 00:27:10,633 INFO o.a.j.e.StandardJMeterEngine: All thread groups have been started
2019-12-16 00:27:10,633 INFO o.a.j.t.JMeterThread: Thread started: Thread Group 1-8
2019-12-16 00:27:10,644 INFO o.a.j.t.JMeterThread: Thread started: Thread Group 1-9
2019-12-16 00:27:10,655 INFO o.a.j.t.JMeterThread: Thread started: Thread Group 1-10
2019-12-16 00:27:10,666 INFO o.a.j.t.JMeterThread: Thread started: Thread Group 1-11
2019-12-16 00:27:10,674 INFO o.a.j.t.JMeterThread: Thread started: Thread Group 1-12
2019-12-16 00:27:10,686 INFO o.a.j.t.JMeterThread: Thread started: Thread Group 1-13
2019-12-16 00:27:10,695 INFO o.a.j.t.JMeterThread: Thread started: Thread Group 1-14
2019-12-16 00:27:10,707 INFO o.a.j.t.JMeterThread: Thread started: Thread Group 1-15
2019-12-16 00:27:10,714 INFO o.a.j.t.JMeterThread: Thread started: Thread Group 1-16
2019-12-16 00:27:10,727 INFO o.a.j.t.JMeterThread: Thread started: Thread Group 1-17
2019-12-16 00:27:10,734 INFO o.a.j.t.JMeterThread: Thread started: Thread Group 1-18
2019-12-16 00:27:10,744 INFO o.a.j.t.JMeterThread: Thread started: Thread Group 1-19
2019-12-16 00:27:10,753 INFO o.a.j.t.JMeterThread: Thread started: Thread Group 1-20
2019-12-16 00:27:10,763 INFO o.a.j.t.JMeterThread: Thread started: Thread Group 1-21
2019-12-16 00:27:10,773 INFO o.a.j.t.JMeterThread: Thread started: Thread Group 1-22
2019-12-16 00:27:10,783 INFO o.a.j.t.JMeterThread: Thread started: Thread Group 1-23
2019-12-16 00:27:10,793 INFO o.a.j.t.JMeterThread: Thread started: Thread Group 1-24
2019-12-16 00:27:10,803 INFO o.a.j.t.JMeterThread: Thread started: Thread Group 1-25
2019-12-16 00:27:10,813 INFO o.a.j.t.JMeterThread: Thread started: Thread Group 1-26
2019-12-16 00:27:10,824 INFO o.a.j.t.JMeterThread: Thread started: Thread Group 1-27
2019-12-16 00:27:10,835 INFO o.a.j.t.JMeterThread: Thread started: Thread Group 1-28
2019-12-16 00:27:10,844 INFO o.a.j.t.JMeterThread: Thread started: Thread Group 1-29
2019-12-16 00:27:10,854 INFO o.a.j.t.JMeterThread: Thread started: Thread Group 1-30
2019-12-16 00:27:10,864 INFO o.a.j.t.JMeterThread: Thread started: Thread Group 1-31
2019-12-16 00:27:10,875 INFO o.a.j.t.JMeterThread: Thread started: Thread Group 1-32
2019-12-16 00:27:10,883 INFO o.a.j.t.JMeterThread: Thread started: Thread Group 1-33
2019-12-16 00:27:10,893 INFO o.a.j.t.JMeterThread: Thread started: Thread Group 1-34
2019-12-16 00:27:10,903 INFO o.a.j.t.JMeterThread: Thread started: Thread Group 1-35
2019-12-16 00:27:10,913 INFO o.a.j.t.JMeterThread: Thread started: Thread Group 1-36
2019-12-16 00:27:10,937 INFO o.a.j.t.JMeterThread: Thread started: Thread Group 1-38
2019-12-16 00:27:10,943 INFO o.a.j.t.JMeterThread: Thread started: Thread Group 1-39
2019-12-16 00:27:10,954 INFO o.a.j.t.JMeterThread: Thread started: Thread Group 1-40
2019-12-16 00:27:10,964 INFO o.a.j.t.JMeterThread: Thread started: Thread Group 1-41
2019-12-16 00:27:10,975 INFO o.a.j.t.JMeterThread: Thread started: Thread Group 1-37
2019-12-16 00:27:10,977 INFO o.a.j.t.JMeterThread: Thread started: Thread Group 1-42
2019-12-16 00:27:10,983 INFO o.a.j.t.JMeterThread: Thread started: Thread Group 1-43
2019-12-16 00:27:10,994 INFO o.a.j.t.JMeterThread: Thread started: Thread Group 1-44
2019-12-16 00:27:11,009 INFO o.a.j.t.JMeterThread: Thread started: Thread Group 1-45
2019-12-16 00:27:11,014 INFO o.a.j.t.JMeterThread: Thread started: Thread Group 1-46
2019-12-16 00:27:11,024 INFO o.a.j.t.JMeterThread: Thread started: Thread Group 1-47
2019-12-16 00:27:11,035 INFO o.a.j.t.JMeterThread: Thread started: Thread Group 1-48
2019-12-16 00:27:11,044 INFO o.a.j.t.JMeterThread: Thread started: Thread Group 1-49
2019-12-16 00:27:11,056 INFO o.a.j.t.JMeterThread: Thread started: Thread Group 1-50
2019-12-16 00:27:11,063 INFO o.a.j.t.JMeterThread: Thread started: Thread Group 1-51
2019-12-16 00:27:11,077 INFO o.a.j.t.JMeterThread: Thread started: Thread Group 1-52
2019-12-16 00:27:11,083 INFO o.a.j.t.JMeterThread: Thread started: Thread Group 1-53
2019-12-16 00:27:11,094 INFO o.a.j.t.JMeterThread: Thread started: Thread Group 1-54
2019-12-16 00:27:11,103 INFO o.a.j.t.JMeterThread: Thread started: Thread Group 1-55
2019-12-16 00:27:11,113 INFO o.a.j.t.JMeterThread: Thread started: Thread Group 1-56
2019-12-16 00:27:11,123 INFO o.a.j.t.JMeterThread: Thread started: Thread Group 1-57
2019-12-16 00:27:11,134 INFO o.a.j.t.JMeterThread: Thread started: Thread Group 1-58
2019-12-16 00:27:11,144 INFO o.a.j.t.JMeterThread: Thread started: Thread Group 1-59
2019-12-16 00:27:11,153 INFO o.a.j.t.JMeterThread: Thread started: Thread Group 1-60
2019-12-16 00:27:11,164 INFO o.a.j.t.JMeterThread: Thread started: Thread Group 1-61
2019-12-16 00:27:11,177 INFO o.a.j.t.JMeterThread: Thread started: Thread Group 1-62
2019-12-16 00:27:11,183 INFO o.a.j.t.JMeterThread: Thread started: Thread Group 1-63
2019-12-16 00:27:11,193 INFO o.a.j.t.JMeterThread: Thread started: Thread Group 1-64
2019-12-16 00:27:11,204 INFO o.a.j.t.JMeterThread: Thread started: Thread Group 1-65
2019-12-16 00:27:11,213 INFO o.a.j.t.JMeterThread: Thread started: Thread Group 1-66
2019-12-16 00:27:11,223 INFO o.a.j.t.JMeterThread: Thread started: Thread Group 1-67
2019-12-16 00:27:11,237 INFO o.a.j.t.JMeterThread: Thread started: Thread Group 1-68
2019-12-16 00:27:11,246 INFO o.a.j.t.JMeterThread: Thread started: Thread Group 1-69
2019-12-16 00:27:11,253 INFO o.a.j.t.JMeterThread: Thread started: Thread Group 1-70
2019-12-16 00:27:11,263 INFO o.a.j.t.JMeterThread: Thread started: Thread Group 1-71
2019-12-16 00:27:11,273 INFO o.a.j.t.JMeterThread: Thread started: Thread Group 1-72
2019-12-16 00:27:11,283 INFO o.a.j.t.JMeterThread: Thread started: Thread Group 1-73
2019-12-16 00:27:11,293 INFO o.a.j.t.JMeterThread: Thread started: Thread Group 1-74
2019-12-16 00:27:11,305 INFO o.a.j.t.JMeterThread: Thread started: Thread Group 1-75
2019-12-16 00:27:11,313 INFO o.a.j.t.JMeterThread: Thread started: Thread Group 1-76
2019-12-16 00:27:11,323 INFO o.a.j.t.JMeterThread: Thread started: Thread Group 1-77
2019-12-16 00:27:11,334 INFO o.a.j.t.JMeterThread: Thread started: Thread Group 1-78
2019-12-16 00:27:11,344 INFO o.a.j.t.JMeterThread: Thread started: Thread Group 1-79
2019-12-16 00:27:11,354 INFO o.a.j.t.JMeterThread: Thread started: Thread Group 1-80
2019-12-16 00:27:11,363 INFO o.a.j.t.JMeterThread: Thread started: Thread Group 1-81
2019-12-16 00:27:11,377 INFO o.a.j.t.JMeterThread: Thread started: Thread Group 1-82
2019-12-16 00:27:11,385 INFO o.a.j.t.JMeterThread: Thread started: Thread Group 1-83
2019-12-16 00:27:11,393 INFO o.a.j.t.JMeterThread: Thread started: Thread Group 1-84
2019-12-16 00:27:11,405 INFO o.a.j.t.JMeterThread: Thread started: Thread Group 1-85
2019-12-16 00:27:11,415 INFO o.a.j.t.JMeterThread: Thread started: Thread Group 1-86
2019-12-16 00:27:11,442 INFO o.a.j.t.JMeterThread: Thread started: Thread Group 1-89
2019-12-16 00:27:11,444 INFO o.a.j.t.JMeterThread: Thread started: Thread Group 1-87
2019-12-16 00:27:11,445 INFO o.a.j.t.JMeterThread: Thread started: Thread Group 1-88
2019-12-16 00:27:11,458 INFO o.a.j.t.JMeterThread: Thread started: Thread Group 1-90
2019-12-16 00:27:11,463 INFO o.a.j.t.JMeterThread: Thread started: Thread Group 1-91
2019-12-16 00:27:11,473 INFO o.a.j.t.JMeterThread: Thread started: Thread Group 1-92
2019-12-16 00:27:11,486 INFO o.a.j.t.JMeterThread: Thread started: Thread Group 1-93
2019-12-16 00:27:11,494 INFO o.a.j.t.JMeterThread: Thread started: Thread Group 1-94
2019-12-16 00:27:11,503 INFO o.a.j.t.JMeterThread: Thread started: Thread Group 1-95
2019-12-16 00:27:11,513 INFO o.a.j.t.JMeterThread: Thread started: Thread Group 1-96
2019-12-16 00:27:11,523 INFO o.a.j.t.JMeterThread: Thread started: Thread Group 1-97
2019-12-16 00:27:11,535 INFO o.a.j.t.JMeterThread: Thread started: Thread Group 1-98
2019-12-16 00:27:11,543 INFO o.a.j.t.JMeterThread: Thread started: Thread Group 1-99
2019-12-16 00:27:11,553 INFO o.a.j.t.JMeterThread: Thread started: Thread Group 1-100
2019-12-16 00:27:30,002 INFO o.a.j.r.Summariser: summary +  57109 in 00:00:19 = 2933.3/s Avg:    32 Min:     1 Max:  1133 Err:     0 (0.00%) Active: 100 Started: 100 Finished: 0
2019-12-16 00:28:00,000 INFO o.a.j.r.Summariser: summary + 108096 in 00:00:30 = 3603.2/s Avg:    27 Min:     1 Max:  1292 Err:     0 (0.00%) Active: 100 Started: 100 Finished: 0
2019-12-16 00:28:00,001 INFO o.a.j.r.Summariser: summary = 165205 in 00:00:49 = 3339.6/s Avg:    29 Min:     1 Max:  1292 Err:     0 (0.00%)
2019-12-16 00:28:30,000 INFO o.a.j.r.Summariser: summary + 111876 in 00:00:30 = 3729.2/s Avg:    26 Min:     1 Max:  1165 Err:     0 (0.00%) Active: 100 Started: 100 Finished: 0
2019-12-16 00:28:30,001 INFO o.a.j.r.Summariser: summary = 277081 in 00:01:19 = 3486.7/s Avg:    28 Min:     1 Max:  1292 Err:     0 (0.00%)
2019-12-16 00:29:00,002 INFO o.a.j.r.Summariser: summary + 102297 in 00:00:30 = 3409.8/s Avg:    29 Min:     1 Max:  3246 Err:     0 (0.00%) Active: 100 Started: 100 Finished: 0
2019-12-16 00:29:00,008 INFO o.a.j.r.Summariser: summary = 379378 in 00:01:49 = 3465.6/s Avg:    28 Min:     1 Max:  3246 Err:     0 (0.00%)
2019-12-16 00:29:30,000 INFO o.a.j.r.Summariser: summary + 106410 in 00:00:30 = 3547.2/s Avg:    28 Min:     1 Max:  2139 Err:     0 (0.00%) Active: 100 Started: 100 Finished: 0
2019-12-16 00:29:30,008 INFO o.a.j.r.Summariser: summary = 485788 in 00:02:19 = 3483.1/s Avg:    28 Min:     1 Max:  3246 Err:     0 (0.00%)
2019-12-16 00:30:00,001 INFO o.a.j.r.Summariser: summary + 101893 in 00:00:30 = 3396.4/s Avg:    29 Min:     1 Max:  3140 Err:     0 (0.00%) Active: 100 Started: 100 Finished: 0
2019-12-16 00:30:00,007 INFO o.a.j.r.Summariser: summary = 587681 in 00:02:49 = 3467.8/s Avg:    28 Min:     1 Max:  3246 Err:     0 (0.00%)
2019-12-16 00:30:21,816 INFO o.a.j.t.JMeterThread: Thread is done: Thread Group 1-60
2019-12-16 00:30:21,822 INFO o.a.j.t.JMeterThread: Thread finished: Thread Group 1-60
2019-12-16 00:30:23,055 INFO o.a.j.t.JMeterThread: Thread is done: Thread Group 1-42
2019-12-16 00:30:23,055 INFO o.a.j.t.JMeterThread: Thread finished: Thread Group 1-42
2019-12-16 00:30:23,233 INFO o.a.j.t.JMeterThread: Thread is done: Thread Group 1-15
2019-12-16 00:30:23,234 INFO o.a.j.t.JMeterThread: Thread finished: Thread Group 1-15
2019-12-16 00:30:23,530 INFO o.a.j.t.JMeterThread: Thread is done: Thread Group 1-48
2019-12-16 00:30:23,531 INFO o.a.j.t.JMeterThread: Thread finished: Thread Group 1-48
2019-12-16 00:30:23,636 INFO o.a.j.t.JMeterThread: Thread is done: Thread Group 1-78
2019-12-16 00:30:23,636 INFO o.a.j.t.JMeterThread: Thread finished: Thread Group 1-78
2019-12-16 00:30:24,126 INFO o.a.j.t.JMeterThread: Thread is done: Thread Group 1-7
2019-12-16 00:30:24,127 INFO o.a.j.t.JMeterThread: Thread finished: Thread Group 1-7
2019-12-16 00:30:24,207 INFO o.a.j.t.JMeterThread: Thread is done: Thread Group 1-80
2019-12-16 00:30:24,207 INFO o.a.j.t.JMeterThread: Thread finished: Thread Group 1-80
2019-12-16 00:30:24,562 INFO o.a.j.t.JMeterThread: Thread is done: Thread Group 1-10
2019-12-16 00:30:24,562 INFO o.a.j.t.JMeterThread: Thread finished: Thread Group 1-10
2019-12-16 00:30:24,745 INFO o.a.j.t.JMeterThread: Thread is done: Thread Group 1-57
2019-12-16 00:30:24,745 INFO o.a.j.t.JMeterThread: Thread finished: Thread Group 1-57
2019-12-16 00:30:24,873 INFO o.a.j.t.JMeterThread: Thread is done: Thread Group 1-14
2019-12-16 00:30:24,873 INFO o.a.j.t.JMeterThread: Thread finished: Thread Group 1-14
2019-12-16 00:30:25,118 INFO o.a.j.t.JMeterThread: Thread is done: Thread Group 1-100
2019-12-16 00:30:25,118 INFO o.a.j.t.JMeterThread: Thread finished: Thread Group 1-100
2019-12-16 00:30:25,191 INFO o.a.j.t.JMeterThread: Thread is done: Thread Group 1-36
2019-12-16 00:30:25,191 INFO o.a.j.t.JMeterThread: Thread finished: Thread Group 1-36
2019-12-16 00:30:25,386 INFO o.a.j.t.JMeterThread: Thread is done: Thread Group 1-20
2019-12-16 00:30:25,386 INFO o.a.j.t.JMeterThread: Thread finished: Thread Group 1-20
2019-12-16 00:30:25,691 INFO o.a.j.t.JMeterThread: Thread is done: Thread Group 1-27
2019-12-16 00:30:25,691 INFO o.a.j.t.JMeterThread: Thread finished: Thread Group 1-27
2019-12-16 00:30:25,748 INFO o.a.j.t.JMeterThread: Thread is done: Thread Group 1-44
2019-12-16 00:30:25,748 INFO o.a.j.t.JMeterThread: Thread finished: Thread Group 1-44
2019-12-16 00:30:25,750 INFO o.a.j.t.JMeterThread: Thread is done: Thread Group 1-62
2019-12-16 00:30:25,751 INFO o.a.j.t.JMeterThread: Thread finished: Thread Group 1-62
2019-12-16 00:30:25,776 INFO o.a.j.t.JMeterThread: Thread is done: Thread Group 1-37
2019-12-16 00:30:25,776 INFO o.a.j.t.JMeterThread: Thread finished: Thread Group 1-37
2019-12-16 00:30:25,803 INFO o.a.j.t.JMeterThread: Thread is done: Thread Group 1-53
2019-12-16 00:30:25,803 INFO o.a.j.t.JMeterThread: Thread finished: Thread Group 1-53
2019-12-16 00:30:25,811 INFO o.a.j.t.JMeterThread: Thread is done: Thread Group 1-41
2019-12-16 00:30:25,811 INFO o.a.j.t.JMeterThread: Thread finished: Thread Group 1-41
2019-12-16 00:30:25,831 INFO o.a.j.t.JMeterThread: Thread is done: Thread Group 1-24
2019-12-16 00:30:25,831 INFO o.a.j.t.JMeterThread: Thread finished: Thread Group 1-24
2019-12-16 00:30:25,963 INFO o.a.j.t.JMeterThread: Thread is done: Thread Group 1-9
2019-12-16 00:30:25,963 INFO o.a.j.t.JMeterThread: Thread finished: Thread Group 1-9
2019-12-16 00:30:26,332 INFO o.a.j.t.JMeterThread: Thread is done: Thread Group 1-68
2019-12-16 00:30:26,332 INFO o.a.j.t.JMeterThread: Thread finished: Thread Group 1-68
2019-12-16 00:30:26,333 INFO o.a.j.t.JMeterThread: Thread is done: Thread Group 1-46
2019-12-16 00:30:26,334 INFO o.a.j.t.JMeterThread: Thread finished: Thread Group 1-46
2019-12-16 00:30:26,519 INFO o.a.j.t.JMeterThread: Thread is done: Thread Group 1-22
2019-12-16 00:30:26,519 INFO o.a.j.t.JMeterThread: Thread finished: Thread Group 1-22
2019-12-16 00:30:26,554 INFO o.a.j.t.JMeterThread: Thread is done: Thread Group 1-87
2019-12-16 00:30:26,554 INFO o.a.j.t.JMeterThread: Thread finished: Thread Group 1-87
2019-12-16 00:30:26,674 INFO o.a.j.t.JMeterThread: Thread is done: Thread Group 1-97
2019-12-16 00:30:26,675 INFO o.a.j.t.JMeterThread: Thread finished: Thread Group 1-97
2019-12-16 00:30:26,698 INFO o.a.j.t.JMeterThread: Thread is done: Thread Group 1-65
2019-12-16 00:30:26,698 INFO o.a.j.t.JMeterThread: Thread finished: Thread Group 1-65
2019-12-16 00:30:26,825 INFO o.a.j.t.JMeterThread: Thread is done: Thread Group 1-79
2019-12-16 00:30:26,826 INFO o.a.j.t.JMeterThread: Thread finished: Thread Group 1-79
2019-12-16 00:30:26,924 INFO o.a.j.t.JMeterThread: Thread is done: Thread Group 1-8
2019-12-16 00:30:26,925 INFO o.a.j.t.JMeterThread: Thread finished: Thread Group 1-8
2019-12-16 00:30:27,011 INFO o.a.j.t.JMeterThread: Thread is done: Thread Group 1-50
2019-12-16 00:30:27,011 INFO o.a.j.t.JMeterThread: Thread finished: Thread Group 1-50
2019-12-16 00:30:27,090 INFO o.a.j.t.JMeterThread: Thread is done: Thread Group 1-70
2019-12-16 00:30:27,090 INFO o.a.j.t.JMeterThread: Thread finished: Thread Group 1-70
2019-12-16 00:30:27,137 INFO o.a.j.t.JMeterThread: Thread is done: Thread Group 1-73
2019-12-16 00:30:27,137 INFO o.a.j.t.JMeterThread: Thread finished: Thread Group 1-73
2019-12-16 00:30:27,181 INFO o.a.j.t.JMeterThread: Thread is done: Thread Group 1-25
2019-12-16 00:30:27,182 INFO o.a.j.t.JMeterThread: Thread finished: Thread Group 1-25
2019-12-16 00:30:27,439 INFO o.a.j.t.JMeterThread: Thread is done: Thread Group 1-88
2019-12-16 00:30:27,439 INFO o.a.j.t.JMeterThread: Thread finished: Thread Group 1-88
2019-12-16 00:30:27,534 INFO o.a.j.t.JMeterThread: Thread is done: Thread Group 1-31
2019-12-16 00:30:27,535 INFO o.a.j.t.JMeterThread: Thread finished: Thread Group 1-31
2019-12-16 00:30:27,585 INFO o.a.j.t.JMeterThread: Thread is done: Thread Group 1-93
2019-12-16 00:30:27,585 INFO o.a.j.t.JMeterThread: Thread finished: Thread Group 1-93
2019-12-16 00:30:27,719 INFO o.a.j.t.JMeterThread: Thread is done: Thread Group 1-52
2019-12-16 00:30:27,719 INFO o.a.j.t.JMeterThread: Thread finished: Thread Group 1-52
2019-12-16 00:30:27,947 INFO o.a.j.t.JMeterThread: Thread is done: Thread Group 1-74
2019-12-16 00:30:27,947 INFO o.a.j.t.JMeterThread: Thread finished: Thread Group 1-74
2019-12-16 00:30:27,993 INFO o.a.j.t.JMeterThread: Thread is done: Thread Group 1-94
2019-12-16 00:30:27,994 INFO o.a.j.t.JMeterThread: Thread finished: Thread Group 1-94
2019-12-16 00:30:28,002 INFO o.a.j.t.JMeterThread: Thread is done: Thread Group 1-3
2019-12-16 00:30:28,002 INFO o.a.j.t.JMeterThread: Thread finished: Thread Group 1-3
2019-12-16 00:30:28,264 INFO o.a.j.t.JMeterThread: Thread is done: Thread Group 1-71
2019-12-16 00:30:28,266 INFO o.a.j.t.JMeterThread: Thread finished: Thread Group 1-71
2019-12-16 00:30:28,365 INFO o.a.j.t.JMeterThread: Thread is done: Thread Group 1-86
2019-12-16 00:30:28,365 INFO o.a.j.t.JMeterThread: Thread finished: Thread Group 1-86
2019-12-16 00:30:28,384 INFO o.a.j.t.JMeterThread: Thread is done: Thread Group 1-55
2019-12-16 00:30:28,384 INFO o.a.j.t.JMeterThread: Thread finished: Thread Group 1-55
2019-12-16 00:30:28,426 INFO o.a.j.t.JMeterThread: Thread is done: Thread Group 1-13
2019-12-16 00:30:28,427 INFO o.a.j.t.JMeterThread: Thread finished: Thread Group 1-13
2019-12-16 00:30:28,564 INFO o.a.j.t.JMeterThread: Thread is done: Thread Group 1-82
2019-12-16 00:30:28,564 INFO o.a.j.t.JMeterThread: Thread finished: Thread Group 1-82
2019-12-16 00:30:28,581 INFO o.a.j.t.JMeterThread: Thread is done: Thread Group 1-72
2019-12-16 00:30:28,581 INFO o.a.j.t.JMeterThread: Thread finished: Thread Group 1-72
2019-12-16 00:30:28,939 INFO o.a.j.t.JMeterThread: Thread is done: Thread Group 1-89
2019-12-16 00:30:28,939 INFO o.a.j.t.JMeterThread: Thread finished: Thread Group 1-89
2019-12-16 00:30:28,954 INFO o.a.j.t.JMeterThread: Thread is done: Thread Group 1-11
2019-12-16 00:30:28,954 INFO o.a.j.t.JMeterThread: Thread finished: Thread Group 1-11
2019-12-16 00:30:29,001 INFO o.a.j.t.JMeterThread: Thread is done: Thread Group 1-64
2019-12-16 00:30:29,001 INFO o.a.j.t.JMeterThread: Thread finished: Thread Group 1-64
2019-12-16 00:30:29,076 INFO o.a.j.t.JMeterThread: Thread is done: Thread Group 1-92
2019-12-16 00:30:29,076 INFO o.a.j.t.JMeterThread: Thread finished: Thread Group 1-92
2019-12-16 00:30:29,114 INFO o.a.j.t.JMeterThread: Thread is done: Thread Group 1-49
2019-12-16 00:30:29,114 INFO o.a.j.t.JMeterThread: Thread finished: Thread Group 1-49
2019-12-16 00:30:29,136 INFO o.a.j.t.JMeterThread: Thread is done: Thread Group 1-34
2019-12-16 00:30:29,136 INFO o.a.j.t.JMeterThread: Thread finished: Thread Group 1-34
2019-12-16 00:30:29,139 INFO o.a.j.t.JMeterThread: Thread is done: Thread Group 1-32
2019-12-16 00:30:29,139 INFO o.a.j.t.JMeterThread: Thread finished: Thread Group 1-32
2019-12-16 00:30:29,187 INFO o.a.j.t.JMeterThread: Thread is done: Thread Group 1-35
2019-12-16 00:30:29,187 INFO o.a.j.t.JMeterThread: Thread finished: Thread Group 1-35
2019-12-16 00:30:29,255 INFO o.a.j.t.JMeterThread: Thread is done: Thread Group 1-45
2019-12-16 00:30:29,256 INFO o.a.j.t.JMeterThread: Thread finished: Thread Group 1-45
2019-12-16 00:30:29,256 INFO o.a.j.t.JMeterThread: Thread is done: Thread Group 1-40
2019-12-16 00:30:29,257 INFO o.a.j.t.JMeterThread: Thread finished: Thread Group 1-40
2019-12-16 00:30:29,288 INFO o.a.j.t.JMeterThread: Thread is done: Thread Group 1-21
2019-12-16 00:30:29,288 INFO o.a.j.t.JMeterThread: Thread finished: Thread Group 1-21
2019-12-16 00:30:29,449 INFO o.a.j.t.JMeterThread: Thread is done: Thread Group 1-2
2019-12-16 00:30:29,450 INFO o.a.j.t.JMeterThread: Thread finished: Thread Group 1-2
2019-12-16 00:30:29,499 INFO o.a.j.t.JMeterThread: Thread is done: Thread Group 1-28
2019-12-16 00:30:29,499 INFO o.a.j.t.JMeterThread: Thread finished: Thread Group 1-28
2019-12-16 00:30:29,516 INFO o.a.j.t.JMeterThread: Thread is done: Thread Group 1-30
2019-12-16 00:30:29,517 INFO o.a.j.t.JMeterThread: Thread finished: Thread Group 1-30
2019-12-16 00:30:29,535 INFO o.a.j.t.JMeterThread: Thread is done: Thread Group 1-66
2019-12-16 00:30:29,535 INFO o.a.j.t.JMeterThread: Thread finished: Thread Group 1-66
2019-12-16 00:30:29,576 INFO o.a.j.t.JMeterThread: Thread is done: Thread Group 1-75
2019-12-16 00:30:29,577 INFO o.a.j.t.JMeterThread: Thread finished: Thread Group 1-75
2019-12-16 00:30:29,633 INFO o.a.j.t.JMeterThread: Thread is done: Thread Group 1-85
2019-12-16 00:30:29,633 INFO o.a.j.t.JMeterThread: Thread finished: Thread Group 1-85
2019-12-16 00:30:29,691 INFO o.a.j.t.JMeterThread: Thread is done: Thread Group 1-84
2019-12-16 00:30:29,691 INFO o.a.j.t.JMeterThread: Thread finished: Thread Group 1-84
2019-12-16 00:30:29,793 INFO o.a.j.t.JMeterThread: Thread is done: Thread Group 1-54
2019-12-16 00:30:29,793 INFO o.a.j.t.JMeterThread: Thread finished: Thread Group 1-54
2019-12-16 00:30:29,880 INFO o.a.j.t.JMeterThread: Thread is done: Thread Group 1-56
2019-12-16 00:30:29,880 INFO o.a.j.t.JMeterThread: Thread finished: Thread Group 1-56
2019-12-16 00:30:29,888 INFO o.a.j.t.JMeterThread: Thread is done: Thread Group 1-38
2019-12-16 00:30:29,889 INFO o.a.j.t.JMeterThread: Thread finished: Thread Group 1-38
2019-12-16 00:30:29,934 INFO o.a.j.t.JMeterThread: Thread is done: Thread Group 1-6
2019-12-16 00:30:29,934 INFO o.a.j.t.JMeterThread: Thread finished: Thread Group 1-6
2019-12-16 00:30:30,001 INFO o.a.j.r.Summariser: summary + 109303 in 00:00:30 = 3643.4/s Avg:    25 Min:     1 Max:   570 Err:     0 (0.00%) Active: 32 Started: 100 Finished: 68
2019-12-16 00:30:30,001 INFO o.a.j.r.Summariser: summary = 696984 in 00:03:19 = 3494.2/s Avg:    28 Min:     1 Max:  3246 Err:     0 (0.00%)
2019-12-16 00:30:30,225 INFO o.a.j.t.JMeterThread: Thread is done: Thread Group 1-59
2019-12-16 00:30:30,225 INFO o.a.j.t.JMeterThread: Thread finished: Thread Group 1-59
2019-12-16 00:30:30,228 INFO o.a.j.t.JMeterThread: Thread is done: Thread Group 1-91
2019-12-16 00:30:30,229 INFO o.a.j.t.JMeterThread: Thread finished: Thread Group 1-91
2019-12-16 00:30:30,238 INFO o.a.j.t.JMeterThread: Thread is done: Thread Group 1-63
2019-12-16 00:30:30,238 INFO o.a.j.t.JMeterThread: Thread finished: Thread Group 1-63
2019-12-16 00:30:30,272 INFO o.a.j.t.JMeterThread: Thread is done: Thread Group 1-33
2019-12-16 00:30:30,272 INFO o.a.j.t.JMeterThread: Thread finished: Thread Group 1-33
2019-12-16 00:30:30,283 INFO o.a.j.t.JMeterThread: Thread is done: Thread Group 1-39
2019-12-16 00:30:30,284 INFO o.a.j.t.JMeterThread: Thread finished: Thread Group 1-39
2019-12-16 00:30:30,310 INFO o.a.j.t.JMeterThread: Thread is done: Thread Group 1-43
2019-12-16 00:30:30,310 INFO o.a.j.t.JMeterThread: Thread finished: Thread Group 1-43
2019-12-16 00:30:30,364 INFO o.a.j.t.JMeterThread: Thread is done: Thread Group 1-47
2019-12-16 00:30:30,364 INFO o.a.j.t.JMeterThread: Thread finished: Thread Group 1-47
2019-12-16 00:30:30,406 INFO o.a.j.t.JMeterThread: Thread is done: Thread Group 1-23
2019-12-16 00:30:30,407 INFO o.a.j.t.JMeterThread: Thread finished: Thread Group 1-23
2019-12-16 00:30:30,509 INFO o.a.j.t.JMeterThread: Thread is done: Thread Group 1-26
2019-12-16 00:30:30,509 INFO o.a.j.t.JMeterThread: Thread finished: Thread Group 1-26
2019-12-16 00:30:30,512 INFO o.a.j.t.JMeterThread: Thread is done: Thread Group 1-58
2019-12-16 00:30:30,512 INFO o.a.j.t.JMeterThread: Thread finished: Thread Group 1-58
2019-12-16 00:30:30,607 INFO o.a.j.t.JMeterThread: Thread is done: Thread Group 1-16
2019-12-16 00:30:30,607 INFO o.a.j.t.JMeterThread: Thread finished: Thread Group 1-16
2019-12-16 00:30:30,628 INFO o.a.j.t.JMeterThread: Thread is done: Thread Group 1-17
2019-12-16 00:30:30,628 INFO o.a.j.t.JMeterThread: Thread finished: Thread Group 1-17
2019-12-16 00:30:30,630 INFO o.a.j.t.JMeterThread: Thread is done: Thread Group 1-29
2019-12-16 00:30:30,631 INFO o.a.j.t.JMeterThread: Thread finished: Thread Group 1-29
2019-12-16 00:30:30,650 INFO o.a.j.t.JMeterThread: Thread is done: Thread Group 1-4
2019-12-16 00:30:30,650 INFO o.a.j.t.JMeterThread: Thread finished: Thread Group 1-4
2019-12-16 00:30:30,654 INFO o.a.j.t.JMeterThread: Thread is done: Thread Group 1-18
2019-12-16 00:30:30,654 INFO o.a.j.t.JMeterThread: Thread finished: Thread Group 1-18
2019-12-16 00:30:30,666 INFO o.a.j.t.JMeterThread: Thread is done: Thread Group 1-77
2019-12-16 00:30:30,666 INFO o.a.j.t.JMeterThread: Thread finished: Thread Group 1-77
2019-12-16 00:30:30,675 INFO o.a.j.t.JMeterThread: Thread is done: Thread Group 1-51
2019-12-16 00:30:30,676 INFO o.a.j.t.JMeterThread: Thread finished: Thread Group 1-51
2019-12-16 00:30:30,688 INFO o.a.j.t.JMeterThread: Thread is done: Thread Group 1-61
2019-12-16 00:30:30,688 INFO o.a.j.t.JMeterThread: Thread finished: Thread Group 1-61
2019-12-16 00:30:30,709 INFO o.a.j.t.JMeterThread: Thread is done: Thread Group 1-95
2019-12-16 00:30:30,709 INFO o.a.j.t.JMeterThread: Thread finished: Thread Group 1-95
2019-12-16 00:30:30,735 INFO o.a.j.t.JMeterThread: Thread is done: Thread Group 1-69
2019-12-16 00:30:30,735 INFO o.a.j.t.JMeterThread: Thread finished: Thread Group 1-69
2019-12-16 00:30:30,787 INFO o.a.j.t.JMeterThread: Thread is done: Thread Group 1-96
2019-12-16 00:30:30,787 INFO o.a.j.t.JMeterThread: Thread finished: Thread Group 1-96
2019-12-16 00:30:30,791 INFO o.a.j.t.JMeterThread: Thread is done: Thread Group 1-67
2019-12-16 00:30:30,791 INFO o.a.j.t.JMeterThread: Thread finished: Thread Group 1-67
2019-12-16 00:30:30,796 INFO o.a.j.t.JMeterThread: Thread is done: Thread Group 1-1
2019-12-16 00:30:30,796 INFO o.a.j.t.JMeterThread: Thread finished: Thread Group 1-1
2019-12-16 00:30:30,821 INFO o.a.j.t.JMeterThread: Thread is done: Thread Group 1-83
2019-12-16 00:30:30,821 INFO o.a.j.t.JMeterThread: Thread finished: Thread Group 1-83
2019-12-16 00:30:30,836 INFO o.a.j.t.JMeterThread: Thread is done: Thread Group 1-5
2019-12-16 00:30:30,836 INFO o.a.j.t.JMeterThread: Thread finished: Thread Group 1-5
2019-12-16 00:30:30,844 INFO o.a.j.t.JMeterThread: Thread is done: Thread Group 1-12
2019-12-16 00:30:30,845 INFO o.a.j.t.JMeterThread: Thread finished: Thread Group 1-12
2019-12-16 00:30:30,872 INFO o.a.j.t.JMeterThread: Thread is done: Thread Group 1-19
2019-12-16 00:30:30,872 INFO o.a.j.t.JMeterThread: Thread finished: Thread Group 1-19
2019-12-16 00:30:30,897 INFO o.a.j.t.JMeterThread: Thread is done: Thread Group 1-99
2019-12-16 00:30:30,897 INFO o.a.j.t.JMeterThread: Thread is done: Thread Group 1-98
2019-12-16 00:30:30,897 INFO o.a.j.t.JMeterThread: Thread finished: Thread Group 1-99
2019-12-16 00:30:30,897 INFO o.a.j.t.JMeterThread: Thread finished: Thread Group 1-98
2019-12-16 00:30:30,975 INFO o.a.j.t.JMeterThread: Thread is done: Thread Group 1-81
2019-12-16 00:30:30,975 INFO o.a.j.t.JMeterThread: Thread finished: Thread Group 1-81
2019-12-16 00:30:31,014 INFO o.a.j.t.JMeterThread: Thread is done: Thread Group 1-90
2019-12-16 00:30:31,014 INFO o.a.j.t.JMeterThread: Thread finished: Thread Group 1-90
2019-12-16 00:30:31,043 INFO o.a.j.t.JMeterThread: Thread is done: Thread Group 1-76
2019-12-16 00:30:31,043 INFO o.a.j.t.JMeterThread: Thread finished: Thread Group 1-76
2019-12-16 00:30:31,043 INFO o.a.j.e.StandardJMeterEngine: Notifying test listeners of end of test
2019-12-16 00:30:31,045 INFO o.a.j.r.Summariser: summary +   3016 in 00:00:01 = 2886.1/s Avg:     7 Min:     1 Max:   328 Err:     0 (0.00%) Active: 0 Started: 100 Finished: 100
2019-12-16 00:30:31,046 INFO o.a.j.r.Summariser: summary = 700000 in 00:03:21 = 3491.0/s Avg:    28 Min:     1 Max:  3246 Err:     0 (0.00%)
2019-12-16 00:30:31,046 INFO o.a.j.JMeter: Generating Dashboard
2019-12-16 00:30:31,046 INFO o.a.j.r.d.ReportGenerator: Flushing result collector before report Generation
2019-12-16 00:30:31,072 INFO o.a.j.r.p.NormalizerSampleConsumer: Using format, 'ms', to parse timeStamp field
2019-12-16 00:31:01,324 INFO o.a.j.r.p.AbstractSampleConsumer: class org.apache.jmeter.report.processor.AggregateConsumer#stopProducing(): beginDate produced 0 samples
2019-12-16 00:31:01,330 INFO o.a.j.r.p.AbstractSampleConsumer: class org.apache.jmeter.report.processor.AggregateConsumer#stopProducing(): endDate produced 0 samples
2019-12-16 00:31:01,334 INFO o.a.j.r.p.AbstractSampleConsumer: class org.apache.jmeter.report.processor.ApdexSummaryConsumer#stopProducing(): apdexSummary produced 0 samples
2019-12-16 00:31:01,334 INFO o.a.j.r.p.AbstractSampleConsumer: class org.apache.jmeter.report.processor.RequestsSummaryConsumer#stopProducing(): requestsSummary produced 0 samples
2019-12-16 00:31:01,367 INFO o.a.j.r.p.AbstractSampleConsumer: class org.apache.jmeter.report.processor.StatisticsSummaryConsumer#stopProducing(): statisticsSummary produced 0 samples
2019-12-16 00:31:01,370 INFO o.a.j.r.p.AbstractSampleConsumer: class org.apache.jmeter.report.processor.Top5ErrorsBySamplerConsumer#stopProducing(): top5ErrorsBySampler produced 0 samples
2019-12-16 00:31:01,370 INFO o.a.j.r.p.AbstractSampleConsumer: class org.apache.jmeter.report.processor.ErrorsSummaryConsumer#stopProducing(): errorsSummary produced 0 samples
2019-12-16 00:31:01,370 INFO o.a.j.r.p.AbstractSampleConsumer: class org.apache.jmeter.report.processor.graph.impl.HitsPerSecondGraphConsumer#stopProducing(): hitsPerSecond produced 0 samples
2019-12-16 00:31:07,021 INFO o.a.j.r.p.AbstractSampleConsumer: class org.apache.jmeter.report.processor.graph.impl.LatencyVSRequestGraphConsumer#stopProducing(): latencyVsRequest produced 0 samples
2019-12-16 00:31:07,043 INFO o.a.j.r.p.AbstractSampleConsumer: class org.apache.jmeter.report.processor.graph.impl.SyntheticResponseTimeDistributionGraphConsumer#stopProducing(): syntheticResponseTimeDistribution produced 0 samples
2019-12-16 00:31:07,043 INFO o.a.j.r.p.AbstractSampleConsumer: class org.apache.jmeter.report.processor.graph.impl.BytesThroughputGraphConsumer#stopProducing(): bytesThroughputOverTime produced 0 samples
2019-12-16 00:31:07,043 INFO o.a.j.r.p.AbstractSampleConsumer: class org.apache.jmeter.report.processor.graph.impl.CodesPerSecondGraphConsumer#stopProducing(): codesPerSecond produced 0 samples
2019-12-16 00:31:12,729 INFO o.a.j.r.p.AbstractSampleConsumer: class org.apache.jmeter.report.processor.graph.impl.ResponseTimeVSRequestGraphConsumer#stopProducing(): responseTimeVsRequest produced 0 samples
2019-12-16 00:31:12,758 INFO o.a.j.r.p.AbstractSampleConsumer: class org.apache.jmeter.report.processor.FilterConsumer#stopProducing(): startIntervalControlerFilter produced 14700000 samples
2019-12-16 00:31:12,759 INFO o.a.j.r.p.AbstractSampleConsumer: class org.apache.jmeter.report.processor.graph.impl.TotalTPSGraphConsumer#stopProducing(): totalTPS produced 0 samples
2019-12-16 00:31:12,759 INFO o.a.j.r.p.AbstractSampleConsumer: class org.apache.jmeter.report.processor.graph.impl.ActiveThreadsGraphConsumer#stopProducing(): activeThreadsOverTime produced 0 samples
2019-12-16 00:31:12,759 INFO o.a.j.r.p.AbstractSampleConsumer: class org.apache.jmeter.report.processor.graph.impl.TimeVSThreadGraphConsumer#stopProducing(): timeVsThreads produced 0 samples
2019-12-16 00:31:12,763 INFO o.a.j.r.p.AbstractSampleConsumer: class org.apache.jmeter.report.processor.graph.impl.ResponseTimeDistributionGraphConsumer#stopProducing(): responseTimeDistribution produced 0 samples
2019-12-16 00:31:12,763 INFO o.a.j.r.p.AbstractSampleConsumer: class org.apache.jmeter.report.processor.graph.impl.TransactionsPerSecondGraphConsumer#stopProducing(): transactionsPerSecond produced 0 samples
2019-12-16 00:31:12,764 INFO o.a.j.r.p.AbstractSampleConsumer: class org.apache.jmeter.report.processor.graph.impl.ResponseTimePercentilesGraphConsumer#stopProducing(): responseTimePercentiles produced 0 samples
2019-12-16 00:31:12,778 INFO o.a.j.r.p.AbstractSampleConsumer: class org.apache.jmeter.report.processor.graph.impl.ResponseTimePercentilesOverTimeGraphConsumer#stopProducing(): responseTimePercentilesOverTime produced 0 samples
2019-12-16 00:31:12,781 INFO o.a.j.r.p.AbstractSampleConsumer: class org.apache.jmeter.report.processor.graph.impl.ResponseTimeOverTimeGraphConsumer#stopProducing(): responseTimesOverTime produced 0 samples
2019-12-16 00:31:12,781 INFO o.a.j.r.p.AbstractSampleConsumer: class org.apache.jmeter.report.processor.graph.impl.ConnectTimeOverTimeGraphConsumer#stopProducing(): connectTimeOverTime produced 0 samples
2019-12-16 00:31:12,782 INFO o.a.j.r.p.AbstractSampleConsumer: class org.apache.jmeter.report.processor.graph.impl.LatencyOverTimeGraphConsumer#stopProducing(): latenciesOverTime produced 0 samples
2019-12-16 00:31:12,782 INFO o.a.j.r.p.AbstractSampleConsumer: class org.apache.jmeter.report.processor.FilterConsumer#stopProducing(): nameFilter produced 31500000 samples
2019-12-16 00:31:12,782 INFO o.a.j.r.p.AbstractSampleConsumer: class org.apache.jmeter.report.processor.FilterConsumer#stopProducing(): dateRangeFilter produced 6300000 samples
2019-12-16 00:31:12,782 INFO o.a.j.r.p.AbstractSampleConsumer: class org.apache.jmeter.report.processor.NormalizerSampleConsumer#stopProducing(): normalizer produced 2100000 samples
2019-12-16 00:31:12,782 INFO o.a.j.r.p.CsvFileSampleSource: produce(): 2100000 samples produced in 41s 657 ms on channel 0
2019-12-16 00:31:12,782 INFO o.a.j.r.d.ReportGenerator: Exporting data using exporter:'json' of className:'org.apache.jmeter.report.dashboard.JsonExporter'
2019-12-16 00:31:12,784 INFO o.a.j.r.d.JsonExporter: Found data for consumer statisticsSummary in context
2019-12-16 00:31:12,785 INFO o.a.j.r.d.JsonExporter: Creating statistics for overall
2019-12-16 00:31:12,785 INFO o.a.j.r.d.JsonExporter: Creating statistics for other transactions
2019-12-16 00:31:12,786 INFO o.a.j.r.d.JsonExporter: Checking output folder
2019-12-16 00:31:12,786 INFO o.a.j.r.d.JsonExporter: Writing statistics JSON to /Users/vergir/Downloads/ifmo/isu/jmeter/testresult/statistics.json
2019-12-16 00:31:12,974 INFO o.a.j.r.d.ReportGenerator: Exporting data using exporter:'html' of className:'org.apache.jmeter.report.dashboard.HtmlTemplateExporter'
2019-12-16 00:31:12,977 INFO o.a.j.r.d.HtmlTemplateExporter: Will generate dashboard in folder: /Users/vergir/Downloads/ifmo/isu/jmeter/testresult
2019-12-16 00:31:13,101 INFO o.a.j.r.d.HtmlTemplateExporter: Report will be generated in: /Users/vergir/Downloads/ifmo/isu/jmeter/testresult, creating folder structure
2019-12-16 00:31:13,107 INFO o.a.j.r.d.TemplateVisitor: Copying folder from '/usr/local/Cellar/jmeter/5.2.1/libexec/bin/report-template' to '/Users/vergir/Downloads/ifmo/isu/jmeter/testresult', got message: /Users/vergir/Downloads/ifmo/isu/jmeter/testresult, found non empty folder with following content [/Users/vergir/Downloads/ifmo/isu/jmeter/testresult/statistics.json], will be ignored
2019-12-16 00:31:13,408 INFO o.a.j.JMeter: Dashboard generated
